<?xml version="1.0" encoding="utf-8" standalone="no"?>
<test-results xmlns:xsi="http://www.w3.org/2001/XMLSchema-instance" xsi:noNamespaceSchemaLocation="nunit_schema_2.5.xsd" name="Pester" total="1" errors="0" failures="1" not-run="0" inconclusive="0" ignored="0" skipped="0" invalid="0" date="2025-11-11" time="15:29:48">
  <environment user="bjes" machine-name="DTDKCPHNB300804" cwd="C:\repositories\outlook_automation\scripts" user-domain="MD-MAN" platform="Microsoft Windows 11 Enterprise|C:\WINDOWS|\Device\Harddisk0\Partition4" nunit-version="2.5.8.0" os-version="10.0.22631" clr-version="4.0.30319.42000" />
  <culture-info current-culture="da-DK" current-uiculture="en-US" />
  <test-suite type="Powershell" name="Pester" executed="True" result="Failure" success="False" time="0.5264" asserts="0">
    <results>
      <test-suite type="TestFixture" name="Error in .\Show-MeetingHourSummary.Tests.ps1" executed="True" result="Failure" success="False" time="0.5264" asserts="0" description="Error in .\Show-MeetingHourSummary.Tests.ps1">
        <results>
          <test-case description="Error occurred in test script '.\Show-MeetingHourSummary.Tests.ps1'" name="Error in .\Show-MeetingHourSummary.Tests.ps1.Error occurred in test script '.\Show-MeetingHourSummary.Tests.ps1'" time="0.5264" asserts="0" success="False" result="Failure" executed="True">
            <failure>
              <message>The BeforeAll command may only be used inside a Describe block.</message>
              <stack-trace>at Assert-DescribeInProgress, C:\Program Files\WindowsPowerShell\Modules\Pester\3.4.0\Functions\Describe.ps1: line 125</stack-trace>
            </failure>
          </test-case>
        </results>
      </test-suite>
    </results>
  </test-suite>
</test-results>